\BOOKMARK [1][-]{section.1}{Basic measure theory}{}% 1
\BOOKMARK [2][-]{subsection.1.1}{Limits of Sets}{section.1}% 2
\BOOKMARK [2][-]{subsection.1.2}{Fields and Measures}{section.1}% 3
\BOOKMARK [2][-]{subsection.1.3}{Measure Extension}{section.1}% 4
\BOOKMARK [2][-]{subsection.1.4}{Lebesgue-Steltjes Measures and Distributions on the Real Line}{section.1}% 5
\BOOKMARK [2][-]{subsection.1.5}{Lebesgue-Steltjes Measures in Multivariable Context [!]}{section.1}% 6
\BOOKMARK [2][-]{subsection.1.6}{Categorical Viewpoint: Boolean Algebras [!]}{section.1}% 7
\BOOKMARK [1][-]{section.2}{Lebesgue Integration}{}% 8
\BOOKMARK [2][-]{subsection.2.1}{Measurable Functions}{section.2}% 9
\BOOKMARK [2][-]{subsection.2.2}{Integration: Definition and Basic Results}{section.2}% 10
\BOOKMARK [2][-]{subsection.2.3}{Convergence of Integrals}{section.2}% 11
\BOOKMARK [2][-]{subsection.2.4}{Lebesgue VS Riemann [!]}{section.2}% 12
\BOOKMARK [2][-]{subsection.2.5}{Categorical Viewpoint: Integral As a Functor [!]}{section.2}% 13
\BOOKMARK [1][-]{section.3}{Radon-Nikodym Theory}{}% 14
\BOOKMARK [2][-]{subsection.3.1}{Jordan-Hahn Decomposition}{section.3}% 15
\BOOKMARK [2][-]{subsection.3.2}{Radon-Nikodym Theorem}{section.3}% 16
\BOOKMARK [2][-]{subsection.3.3}{Absolutely Continuous Functions}{section.3}% 17
\BOOKMARK [2][-]{subsection.3.4}{Differntiation of Measures}{section.3}% 18
\BOOKMARK [2][-]{subsection.3.5}{Categorical Viewpoint:Developing Borel-Null [!]}{section.3}% 19
\BOOKMARK [1][-]{section.4}{Convergence in Measure}{}% 20
\BOOKMARK [2][-]{subsection.4.1}{Measure Topology}{section.4}% 21
\BOOKMARK [2][-]{subsection.4.2}{Comparisson with other modes of convergence}{section.4}% 22
\BOOKMARK [1][-]{section.5}{Products over Measure spaces}{}% 23
\BOOKMARK [2][-]{subsection.5.1}{Product Measure Theorem}{section.5}% 24
\BOOKMARK [2][-]{subsection.5.2}{Fubbini Theorem}{section.5}% 25
\BOOKMARK [2][-]{subsection.5.3}{Iterated Integrals}{section.5}% 26
\BOOKMARK [2][-]{subsection.5.4}{Infinite Products}{section.5}% 27
\BOOKMARK [1][-]{section.6}{Convergence of Measures}{}% 28
\BOOKMARK [2][-]{subsection.6.1}{Duals of Measures}{section.6}% 29
\BOOKMARK [2][-]{subsection.6.2}{Extending Linear Functionals}{section.6}% 30
\BOOKMARK [2][-]{subsection.6.3}{Vague Convergence over Compacts}{section.6}% 31
